<?xml version="1.0" encoding="UTF-8"?>
<!-- Generated by org.testng.reporters.JUnitXMLReporter -->
<testsuite hostname="SAHIL-PC" ignored="2" name="Test" tests="1" failures="0" timestamp="2023-03-29T13:25:28 IST" time="406.439" errors="0">
  <testcase name="createOrganizationTest" time="273.668" classname="vtiger.OrganizationTests.CreateOrganizationTest"/>
  <testcase name="Demo" time="0.0" classname="vtiger.OrganizationTests.CreateOrganizationTest">
    <ignored/>
  </testcase> <!-- Demo -->
  <testcase name="regional" time="0.0" classname="vtiger.OrganizationTests.CreateOrganizationTest">
    <ignored/>
  </testcase> <!-- regional -->
</testsuite> <!-- Test -->
