<?xml version="1.0" encoding="UTF-8"?>
<!-- Generated by org.testng.reporters.JUnitXMLReporter -->
<testsuite hostname="SAHIL-PC" ignored="1" name="Test" tests="1" failures="0" timestamp="2023-03-22T13:24:26 IST" time="238.066" errors="0">
  <testcase name="regional" time="0.134" classname="vtiger.OrganizationTests.CreateOrganizationTest"/>
  <testcase name="Demo" time="0.0" classname="vtiger.OrganizationTests.CreateOrganizationTest">
    <ignored/>
  </testcase> <!-- Demo -->
</testsuite> <!-- Test -->
