<?xml version="1.0" encoding="UTF-8"?>
<testng-results skipped="0" failed="0" ignored="2" total="3" passed="1">
  <reporter-output>
    <line>
      <![CDATA[Click on Organizations link sucessfully]]>
    </line>
    <line>
      <![CDATA[Click on Create Organization look up image sucessfully]]>
    </line>
    <line>
      <![CDATA[Create organization with mandatory fields and save sucessfully]]>
    </line>
  </reporter-output>
  <suite name="Suite" duration-ms="406439" started-at="2023-03-29T13:18:36 IST" finished-at="2023-03-29T13:25:23 IST">
    <groups>
      <group name="RegressionSuite">
        <method signature="CreateOrganizationTest.createOrganizationTest()[pri:0, instance:vtiger.OrganizationTests.CreateOrganizationTest@a35978]" name="createOrganizationTest" class="vtiger.OrganizationTests.CreateOrganizationTest"/>
      </group> <!-- RegressionSuite -->
      <group name="SmokeSuite">
        <method signature="CreateOrganizationTest.createOrganizationTest()[pri:0, instance:vtiger.OrganizationTests.CreateOrganizationTest@a35978]" name="createOrganizationTest" class="vtiger.OrganizationTests.CreateOrganizationTest"/>
      </group> <!-- SmokeSuite -->
    </groups>
    <test name="Test" duration-ms="406439" started-at="2023-03-29T13:18:36 IST" finished-at="2023-03-29T13:25:23 IST">
      <class name="vtiger.OrganizationTests.CreateOrganizationTest">
        <test-method status="PASS" signature="bsConfig()[pri:0, instance:vtiger.OrganizationTests.CreateOrganizationTest@a35978]" name="bsConfig" is-config="true" duration-ms="53" started-at="2023-03-29T13:18:36 IST" finished-at="2023-03-29T13:18:36 IST">
          <reporter-output>
          </reporter-output>
        </test-method> <!-- bsConfig -->
        <test-method status="PASS" signature="bcConfig()[pri:0, instance:vtiger.OrganizationTests.CreateOrganizationTest@a35978]" name="bcConfig" is-config="true" duration-ms="53307" started-at="2023-03-29T13:18:37 IST" finished-at="2023-03-29T13:19:30 IST">
          <reporter-output>
          </reporter-output>
        </test-method> <!-- bcConfig -->
        <test-method status="PASS" signature="bcConfig()[pri:0, instance:vtiger.OrganizationTests.CreateOrganizationTest@a35978]" name="bcConfig" is-config="true" duration-ms="27720" started-at="2023-03-29T13:19:30 IST" finished-at="2023-03-29T13:19:58 IST">
          <reporter-output>
          </reporter-output>
        </test-method> <!-- bcConfig -->
        <test-method status="PASS" signature="bmConfig()[pri:0, instance:vtiger.OrganizationTests.CreateOrganizationTest@a35978]" name="bmConfig" is-config="true" duration-ms="40212" started-at="2023-03-29T13:19:58 IST" finished-at="2023-03-29T13:20:38 IST">
          <reporter-output>
          </reporter-output>
        </test-method> <!-- bmConfig -->
        <test-method status="PASS" signature="createOrganizationTest()[pri:0, instance:vtiger.OrganizationTests.CreateOrganizationTest@a35978]" name="createOrganizationTest" duration-ms="273668" started-at="2023-03-29T13:20:38 IST" finished-at="2023-03-29T13:25:12 IST">
          <reporter-output>
            <line>
              <![CDATA[Click on Organizations link sucessfully]]>
            </line>
            <line>
              <![CDATA[Click on Create Organization look up image sucessfully]]>
            </line>
            <line>
              <![CDATA[Create organization with mandatory fields and save sucessfully]]>
            </line>
          </reporter-output>
        </test-method> <!-- createOrganizationTest -->
        <test-method status="PASS" signature="amConfig()[pri:0, instance:vtiger.OrganizationTests.CreateOrganizationTest@a35978]" name="amConfig" is-config="true" duration-ms="6830" started-at="2023-03-29T13:25:12 IST" finished-at="2023-03-29T13:25:19 IST">
          <reporter-output>
          </reporter-output>
        </test-method> <!-- amConfig -->
        <test-method status="PASS" signature="acConfig()[pri:0, instance:vtiger.OrganizationTests.CreateOrganizationTest@a35978]" name="acConfig" is-config="true" duration-ms="3429" started-at="2023-03-29T13:25:19 IST" finished-at="2023-03-29T13:25:23 IST">
          <reporter-output>
          </reporter-output>
        </test-method> <!-- acConfig -->
        <test-method status="PASS" signature="asConfig()[pri:0, instance:vtiger.OrganizationTests.CreateOrganizationTest@a35978]" name="asConfig" is-config="true" duration-ms="1" started-at="2023-03-29T13:25:29 IST" finished-at="2023-03-29T13:25:29 IST">
          <reporter-output>
          </reporter-output>
        </test-method> <!-- asConfig -->
      </class> <!-- vtiger.OrganizationTests.CreateOrganizationTest -->
    </test> <!-- Test -->
  </suite> <!-- Suite -->
</testng-results>
