<?xml version="1.0" encoding="UTF-8"?>
<testng-results skipped="0" failed="0" ignored="1" total="2" passed="1">
  <reporter-output>
  </reporter-output>
  <suite name="Suite" duration-ms="238066" started-at="2023-03-22T13:20:25 IST" finished-at="2023-03-22T13:24:23 IST">
    <groups>
      <group name="RegionalRegressionSuite">
        <method signature="CreateOrganizationTest.regional()[pri:0, instance:vtiger.OrganizationTests.CreateOrganizationTest@f4d528]" name="regional" class="vtiger.OrganizationTests.CreateOrganizationTest"/>
      </group> <!-- RegionalRegressionSuite -->
    </groups>
    <test name="Test" duration-ms="238066" started-at="2023-03-22T13:20:25 IST" finished-at="2023-03-22T13:24:23 IST">
      <class name="vtiger.OrganizationTests.CreateOrganizationTest">
        <test-method status="PASS" signature="bsConfig()[pri:0, instance:vtiger.OrganizationTests.CreateOrganizationTest@f4d528]" name="bsConfig" is-config="true" duration-ms="157" started-at="2023-03-22T13:20:25 IST" finished-at="2023-03-22T13:20:25 IST">
          <reporter-output>
          </reporter-output>
        </test-method> <!-- bsConfig -->
        <test-method status="PASS" signature="bcConfig()[pri:0, instance:vtiger.OrganizationTests.CreateOrganizationTest@f4d528]" name="bcConfig" is-config="true" duration-ms="120880" started-at="2023-03-22T13:20:28 IST" finished-at="2023-03-22T13:22:29 IST">
          <reporter-output>
          </reporter-output>
        </test-method> <!-- bcConfig -->
        <test-method status="PASS" signature="bcConfig()[pri:0, instance:vtiger.OrganizationTests.CreateOrganizationTest@f4d528]" name="bcConfig" is-config="true" duration-ms="24260" started-at="2023-03-22T13:22:29 IST" finished-at="2023-03-22T13:22:53 IST">
          <reporter-output>
          </reporter-output>
        </test-method> <!-- bcConfig -->
        <test-method status="PASS" signature="bmConfig()[pri:0, instance:vtiger.OrganizationTests.CreateOrganizationTest@f4d528]" name="bmConfig" is-config="true" duration-ms="31302" started-at="2023-03-22T13:22:54 IST" finished-at="2023-03-22T13:23:25 IST">
          <reporter-output>
          </reporter-output>
        </test-method> <!-- bmConfig -->
        <test-method status="PASS" signature="regional()[pri:0, instance:vtiger.OrganizationTests.CreateOrganizationTest@f4d528]" name="regional" duration-ms="134" started-at="2023-03-22T13:23:25 IST" finished-at="2023-03-22T13:23:25 IST">
          <reporter-output>
          </reporter-output>
        </test-method> <!-- regional -->
        <test-method status="PASS" signature="amConfig()[pri:0, instance:vtiger.OrganizationTests.CreateOrganizationTest@f4d528]" name="amConfig" is-config="true" duration-ms="53915" started-at="2023-03-22T13:23:25 IST" finished-at="2023-03-22T13:24:19 IST">
          <reporter-output>
          </reporter-output>
        </test-method> <!-- amConfig -->
        <test-method status="PASS" signature="acConfig()[pri:0, instance:vtiger.OrganizationTests.CreateOrganizationTest@f4d528]" name="acConfig" is-config="true" duration-ms="3802" started-at="2023-03-22T13:24:19 IST" finished-at="2023-03-22T13:24:23 IST">
          <reporter-output>
          </reporter-output>
        </test-method> <!-- acConfig -->
        <test-method status="PASS" signature="asConfig()[pri:0, instance:vtiger.OrganizationTests.CreateOrganizationTest@f4d528]" name="asConfig" is-config="true" duration-ms="1" started-at="2023-03-22T13:24:26 IST" finished-at="2023-03-22T13:24:26 IST">
          <reporter-output>
          </reporter-output>
        </test-method> <!-- asConfig -->
      </class> <!-- vtiger.OrganizationTests.CreateOrganizationTest -->
    </test> <!-- Test -->
  </suite> <!-- Suite -->
</testng-results>
